<?xml version="1.0" encoding="UTF-8"?>
<testng-results ignored="0" total="1" passed="1" failed="0" skipped="0">
  <reporter-output>
  </reporter-output>
  <suite started-at="2024-12-16T10:28:59 IST" name="Default suite" finished-at="2024-12-16T10:29:01 IST" duration-ms="2145">
    <groups>
    </groups>
    <test started-at="2024-12-16T10:28:59 IST" name="Default test" finished-at="2024-12-16T10:29:01 IST" duration-ms="2145">
      <class name="get_restAssured.AuctionController07">
        <test-method signature="loginToSystem()[pri:0, instance:get_restAssured.AuctionController07@294425a7]" started-at="2024-12-16T10:28:59 IST" name="loginToSystem" finished-at="2024-12-16T10:29:01 IST" duration-ms="2101" status="PASS">
          <reporter-output>
          </reporter-output>
        </test-method> <!-- loginToSystem -->
      </class> <!-- get_restAssured.AuctionController07 -->
    </test> <!-- Default test -->
  </suite> <!-- Default suite -->
</testng-results>
