<?xml version="1.0" encoding="UTF-8"?>
<testng-results ignored="0" total="1" passed="1" failed="0" skipped="0">
  <reporter-output>
  </reporter-output>
  <suite started-at="2024-12-11T12:21:39 IST" name="Default suite" finished-at="2024-12-11T12:21:41 IST" duration-ms="1719">
    <groups>
    </groups>
    <test started-at="2024-12-11T12:21:39 IST" name="Default test" finished-at="2024-12-11T12:21:41 IST" duration-ms="1719">
      <class name="delete_restAssured.FavouriteController02">
        <test-method signature="deleteUser()[pri:0, instance:delete_restAssured.FavouriteController02@294425a7]" started-at="2024-12-11T12:21:39 IST" name="deleteUser" finished-at="2024-12-11T12:21:41 IST" duration-ms="1678" status="PASS">
          <reporter-output>
          </reporter-output>
        </test-method> <!-- deleteUser -->
      </class> <!-- delete_restAssured.FavouriteController02 -->
    </test> <!-- Default test -->
  </suite> <!-- Default suite -->
</testng-results>
